  steam_api.cpp
C:\CodeWorkspace\Python\SteamWorkshopAPI\vs_project\SteamAPI\steamclientpublic.h(1,1): warning C4819: The file contains a character that cannot be represented in the current code page (950). Save the file in Unicode format to prevent data loss
  (compiling source file '../../c_library/steam_api.cpp')
  
C:\CodeWorkspace\Python\SteamWorkshopAPI\vs_project\SteamAPI\steamuniverse.h(1,1): warning C4819: The file contains a character that cannot be represented in the current code page (950). Save the file in Unicode format to prevent data loss
  (compiling source file '../../c_library/steam_api.cpp')
  
C:\CodeWorkspace\Python\SteamWorkshopAPI\vs_project\SteamAPI\isteamutils.h(1,1): warning C4819: The file contains a character that cannot be represented in the current code page (950). Save the file in Unicode format to prevent data loss
  (compiling source file '../../c_library/steam_api.cpp')
  
C:\CodeWorkspace\Python\SteamWorkshopAPI\vs_project\SteamAPI\matchmakingtypes.h(1,1): warning C4819: The file contains a character that cannot be represented in the current code page (950). Save the file in Unicode format to prevent data loss
  (compiling source file '../../c_library/steam_api.cpp')
  
C:\CodeWorkspace\Python\SteamWorkshopAPI\vs_project\SteamAPI\isteamuserstats.h(1,1): warning C4819: The file contains a character that cannot be represented in the current code page (950). Save the file in Unicode format to prevent data loss
  (compiling source file '../../c_library/steam_api.cpp')
  
C:\CodeWorkspace\Python\SteamWorkshopAPI\vs_project\SteamAPI\isteamremotestorage.h(1,1): warning C4819: The file contains a character that cannot be represented in the current code page (950). Save the file in Unicode format to prevent data loss
  (compiling source file '../../c_library/steam_api.cpp')
  
C:\CodeWorkspace\Python\SteamWorkshopAPI\vs_project\SteamAPI\isteamscreenshots.h(1,1): warning C4819: The file contains a character that cannot be represented in the current code page (950). Save the file in Unicode format to prevent data loss
  (compiling source file '../../c_library/steam_api.cpp')
  
C:\CodeWorkspace\Python\SteamWorkshopAPI\vs_project\SteamAPI\steamhttpenums.h(1,1): warning C4819: The file contains a character that cannot be represented in the current code page (950). Save the file in Unicode format to prevent data loss
  (compiling source file '../../c_library/steam_api.cpp')
  
C:\CodeWorkspace\Python\SteamWorkshopAPI\vs_project\SteamAPI\isteaminventory.h(1,1): warning C4819: The file contains a character that cannot be represented in the current code page (950). Save the file in Unicode format to prevent data loss
  (compiling source file '../../c_library/steam_api.cpp')
  
C:\CodeWorkspace\Python\SteamWorkshopAPI\vs_project\SteamAPI\isteamvideo.h(1,1): warning C4819: The file contains a character that cannot be represented in the current code page (950). Save the file in Unicode format to prevent data loss
  (compiling source file '../../c_library/steam_api.cpp')
  
C:\CodeWorkspace\Python\SteamWorkshopAPI\vs_project\SteamAPI\isteamparentalsettings.h(1,1): warning C4819: The file contains a character that cannot be represented in the current code page (950). Save the file in Unicode format to prevent data loss
  (compiling source file '../../c_library/steam_api.cpp')
  
     Creating library C:\CodeWorkspace\Python\SteamWorkshopAPI\vs_project\SteamAPI\x64\Debug\SteamAPI.lib and object C:\CodeWorkspace\Python\SteamWorkshopAPI\vs_project\SteamAPI\x64\Debug\SteamAPI.exp
  SteamAPI.vcxproj -> C:\CodeWorkspace\Python\SteamWorkshopAPI\vs_project\SteamAPI\x64\Debug\SteamAPI.dll
